app/build/outputs/logs/manifest-merger-debug-report.txt
-- Merging decision tree log ---
manifest
ADDED from src/main/AndroidManifest.xml:1:1-23:12
	package
		ADDED from src/main/AndroidManifest.xml:2:9-37
		INJECTED from src/main/AndroidManifest.xml
		INJECTED from src/main/AndroidManifest.xml
	android:versionName
		ADDED from src/main/AndroidManifest.xml:2:62-87
		INJECTED from src/main/AndroidManifest.xml
		INJECTED from src/main/AndroidManifest.xml
	android:versionCode
		ADDED from src/main/AndroidManifest.xml:2:38-61
		INJECTED from src/main/AndroidManifest.xml
		INJECTED from src/main/AndroidManifest.xml
	xmlns:android
		ADDED from src/main/AndroidManifest.xml:1:11-69
application
ADDED from src/main/AndroidManifest.xml:3:5-18:19
	android:label
		ADDED from src/main/AndroidManifest.xml:3:18-50
	android:icon
		ADDED from src/main/AndroidManifest.xml:3:51-85
activity#org.troi.literatim.ConfigScreen
ADDED from src/main/AndroidManifest.xml:4:9-10:20
	android:label
		ADDED from src/main/AndroidManifest.xml:5:19-51
	android:name
		ADDED from src/main/AndroidManifest.xml:4:19-46
intent-filter#android.intent.action.MAIN+android.intent.category.LAUNCHER
ADDED from src/main/AndroidManifest.xml:6:13-9:29
action#android.intent.action.MAIN
ADDED from src/main/AndroidManifest.xml:7:17-69
	android:name
		ADDED from src/main/AndroidManifest.xml:7:25-66
category#android.intent.category.LAUNCHER
ADDED from src/main/AndroidManifest.xml:8:17-77
	android:name
		ADDED from src/main/AndroidManifest.xml:8:27-74
service#org.troi.literatim.SoftKeyboard
ADDED from src/main/AndroidManifest.xml:11:9-17:19
	android:permission
		ADDED from src/main/AndroidManifest.xml:12:17-74
	android:name
		ADDED from src/main/AndroidManifest.xml:11:18-45
intent-filter#android.view.InputMethod
ADDED from src/main/AndroidManifest.xml:13:13-15:29
action#android.view.InputMethod
ADDED from src/main/AndroidManifest.xml:14:17-67
	android:name
		ADDED from src/main/AndroidManifest.xml:14:25-64
meta-data#android.view.im
ADDED from src/main/AndroidManifest.xml:16:13-88
	android:resource
		ADDED from src/main/AndroidManifest.xml:16:55-85
	android:name
		ADDED from src/main/AndroidManifest.xml:16:24-54
uses-sdk
ADDED from src/main/AndroidManifest.xml:19:5-42
	android:targetSdkVersion
		INJECTED from src/main/AndroidManifest.xml
		INJECTED from src/main/AndroidManifest.xml
	android:minSdkVersion
		ADDED from src/main/AndroidManifest.xml:19:15-40
		INJECTED from src/main/AndroidManifest.xml
		INJECTED from src/main/AndroidManifest.xml
uses-permission#android.permission.INTERNET
ADDED from src/main/AndroidManifest.xml:20:5-66
	android:name
		ADDED from src/main/AndroidManifest.xml:20:22-64
uses-permission#android.permission.ACCESS_NETWORK_STATE
ADDED from src/main/AndroidManifest.xml:21:5-78
	android:name
		ADDED from src/main/AndroidManifest.xml:21:22-76
uses-permission#android.permission.READ_PHONE_STATE
ADDED from src/main/AndroidManifest.xml:22:5-74
	android:name
		ADDED from src/main/AndroidManifest.xml:22:22-72